<?xml version="1.0" encoding="UTF-8"?>
<testng-results ignored="0" total="2" passed="1" failed="1" skipped="0">
  <reporter-output>
  </reporter-output>
  <suite started-at="2025-01-27T21:58:54 IST" name="Default suite" finished-at="2025-01-27T22:01:13 IST" duration-ms="139441">
    <groups>
      <group name="SmokeTest">
        <method signature="createOrgWithConfigTest.createOrgTest()[pri:0, instance:com.comcast.crm.OrgTest.createOrgWithConfigTest@662ac478]" name="createOrgTest" class="com.comcast.crm.OrgTest.createOrgWithConfigTest"/>
      </group> <!-- SmokeTest -->
      <group name="RegressionTest">
        <method signature="createOrgWithConfigTest.createOrgWithIndusTest()[pri:0, instance:com.comcast.crm.OrgTest.createOrgWithConfigTest@662ac478]" name="createOrgWithIndusTest" class="com.comcast.crm.OrgTest.createOrgWithConfigTest"/>
      </group> <!-- RegressionTest -->
    </groups>
    <test started-at="2025-01-27T21:58:54 IST" name="Default test" finished-at="2025-01-27T22:01:13 IST" duration-ms="139441">
      <class name="com.comcast.crm.OrgTest.createOrgWithConfigTest">
        <test-method is-config="true" signature="configBS()[pri:0, instance:com.comcast.crm.OrgTest.createOrgWithConfigTest@662ac478]" started-at="2025-01-27T21:58:53 IST" name="configBS" finished-at="2025-01-27T21:58:54 IST" duration-ms="732" status="PASS">
          <reporter-output>
          </reporter-output>
        </test-method> <!-- configBS -->
        <test-method is-config="true" signature="configBC()[pri:0, instance:com.comcast.crm.OrgTest.createOrgWithConfigTest@662ac478]" started-at="2025-01-27T21:58:54 IST" name="configBC" finished-at="2025-01-27T21:59:53 IST" duration-ms="59447" status="PASS">
          <reporter-output>
          </reporter-output>
        </test-method> <!-- configBC -->
        <test-method is-config="true" signature="configBM()[pri:0, instance:com.comcast.crm.OrgTest.createOrgWithConfigTest@662ac478]" started-at="2025-01-27T21:59:54 IST" name="configBM" finished-at="2025-01-27T22:00:12 IST" duration-ms="17629" status="PASS">
          <reporter-output>
          </reporter-output>
        </test-method> <!-- configBM -->
        <test-method signature="createOrgTest()[pri:0, instance:com.comcast.crm.OrgTest.createOrgWithConfigTest@662ac478]" started-at="2025-01-27T22:00:12 IST" name="createOrgTest" finished-at="2025-01-27T22:00:49 IST" duration-ms="36967" status="PASS">
          <reporter-output>
          </reporter-output>
        </test-method> <!-- createOrgTest -->
        <test-method is-config="true" signature="configAM()[pri:0, instance:com.comcast.crm.OrgTest.createOrgWithConfigTest@662ac478]" started-at="2025-01-27T22:00:49 IST" name="configAM" finished-at="2025-01-27T22:00:52 IST" duration-ms="3395" status="PASS">
          <reporter-output>
          </reporter-output>
        </test-method> <!-- configAM -->
        <test-method is-config="true" signature="configBM()[pri:0, instance:com.comcast.crm.OrgTest.createOrgWithConfigTest@662ac478]" started-at="2025-01-27T22:00:52 IST" name="configBM" finished-at="2025-01-27T22:00:54 IST" duration-ms="1914" status="PASS">
          <reporter-output>
          </reporter-output>
        </test-method> <!-- configBM -->
        <test-method signature="createOrgWithIndusTest()[pri:0, instance:com.comcast.crm.OrgTest.createOrgWithConfigTest@662ac478]" started-at="2025-01-27T22:00:54 IST" name="createOrgWithIndusTest" finished-at="2025-01-27T22:01:01 IST" duration-ms="6658" status="FAIL">
          <exception class="java.lang.AssertionError">
            <message>
              <![CDATA[The following asserts failed:
expected [true] but found [false]]]>
            </message>
            <full-stacktrace>
              <![CDATA[java.lang.AssertionError: The following asserts failed:
expected [true] but found [false]
at org.testng.asserts.SoftAssert.assertAll(SoftAssert.java:46)
at org.testng.asserts.SoftAssert.assertAll(SoftAssert.java:30)
at com.comcast.crm.OrgTest.createOrgWithConfigTest.createOrgWithIndusTest(createOrgWithConfigTest.java:78)
at java.base/jdk.internal.reflect.NativeMethodAccessorImpl.invoke0(Native Method)
at java.base/jdk.internal.reflect.NativeMethodAccessorImpl.invoke(NativeMethodAccessorImpl.java:77)
at java.base/jdk.internal.reflect.DelegatingMethodAccessorImpl.invoke(DelegatingMethodAccessorImpl.java:43)
at java.base/java.lang.reflect.Method.invoke(Method.java:568)
at org.testng.internal.invokers.MethodInvocationHelper.invokeMethod(MethodInvocationHelper.java:139)
at org.testng.internal.invokers.TestInvoker.invokeMethod(TestInvoker.java:664)
at org.testng.internal.invokers.TestInvoker.invokeTestMethod(TestInvoker.java:227)
at org.testng.internal.invokers.MethodRunner.runInSequence(MethodRunner.java:50)
at org.testng.internal.invokers.TestInvoker$MethodInvocationAgent.invoke(TestInvoker.java:957)
at org.testng.internal.invokers.TestInvoker.invokeTestMethods(TestInvoker.java:200)
at org.testng.internal.invokers.TestMethodWorker.invokeTestMethods(TestMethodWorker.java:148)
at org.testng.internal.invokers.TestMethodWorker.run(TestMethodWorker.java:128)
at java.base/java.util.ArrayList.forEach(ArrayList.java:1511)
at org.testng.TestRunner.privateRun(TestRunner.java:848)
at org.testng.TestRunner.run(TestRunner.java:621)
at org.testng.SuiteRunner.runTest(SuiteRunner.java:443)
at org.testng.SuiteRunner.runSequentially(SuiteRunner.java:437)
at org.testng.SuiteRunner.privateRun(SuiteRunner.java:397)
at org.testng.SuiteRunner.run(SuiteRunner.java:336)
at org.testng.SuiteRunnerWorker.runSuite(SuiteRunnerWorker.java:52)
at org.testng.SuiteRunnerWorker.run(SuiteRunnerWorker.java:95)
at org.testng.TestNG.runSuitesSequentially(TestNG.java:1280)
at org.testng.TestNG.runSuitesLocally(TestNG.java:1200)
at org.testng.TestNG.runSuites(TestNG.java:1114)
at org.testng.TestNG.run(TestNG.java:1082)
at org.testng.remote.AbstractRemoteTestNG.run(AbstractRemoteTestNG.java:115)
at org.testng.remote.RemoteTestNG.initAndRun(RemoteTestNG.java:293)
at org.testng.remote.RemoteTestNG.main(RemoteTestNG.java:91)
]]>
            </full-stacktrace>
          </exception> <!-- java.lang.AssertionError -->
          <reporter-output>
          </reporter-output>
        </test-method> <!-- createOrgWithIndusTest -->
        <test-method is-config="true" signature="configAM()[pri:0, instance:com.comcast.crm.OrgTest.createOrgWithConfigTest@662ac478]" started-at="2025-01-27T22:01:04 IST" name="configAM" finished-at="2025-01-27T22:01:05 IST" duration-ms="1024" status="PASS">
          <reporter-output>
          </reporter-output>
        </test-method> <!-- configAM -->
        <test-method is-config="true" signature="configAC()[pri:0, instance:com.comcast.crm.OrgTest.createOrgWithConfigTest@662ac478]" started-at="2025-01-27T22:01:05 IST" name="configAC" finished-at="2025-01-27T22:01:13 IST" duration-ms="7570" status="PASS">
          <reporter-output>
          </reporter-output>
        </test-method> <!-- configAC -->
        <test-method is-config="true" signature="configAS()[pri:0, instance:com.comcast.crm.OrgTest.createOrgWithConfigTest@662ac478]" started-at="2025-01-27T22:01:14 IST" name="configAS" finished-at="2025-01-27T22:01:14 IST" duration-ms="0" status="PASS">
          <reporter-output>
          </reporter-output>
        </test-method> <!-- configAS -->
      </class> <!-- com.comcast.crm.OrgTest.createOrgWithConfigTest -->
    </test> <!-- Default test -->
  </suite> <!-- Default suite -->
</testng-results>
